<?xml version="1.0" encoding="UTF-8"?>
<testsuite name="com.tw.hotelAutomation.hotelAutomationTest" tests="1" skipped="0" failures="0" errors="0" timestamp="2022-03-08T04:26:31" hostname="Sks-MacBook-Pro.local" time="0.02">
  <properties/>
  <testcase name="shouldSwitchOnLightAndACOfMainCorridorAllTime()" classname="com.tw.hotelAutomation.hotelAutomationTest" time="0.02"/>
  <system-out><![CDATA[]]></system-out>
  <system-err><![CDATA[]]></system-err>
</testsuite>
